2022-11-08 08:45:37 error: uncaughtException: тип Unable to compile TypeScript:
[96mservices/users.service.ts[0m:[93m49[0m:[93m112[0m - [91merror[0m[90m TS1003: [0mIdentifier expected.

[7m49[0m         const updateUserById: User | null = await this.users.findOneAndUpdate({_id: userId}, {$set: userData}. );
[7m  [0m [91m                                                                                                               ~[0m

TSError: тип Unable to compile TypeScript:
[96mservices/users.service.ts[0m:[93m49[0m:[93m112[0m - [91merror[0m[90m TS1003: [0mIdentifier expected.

[7m49[0m         const updateUserById: User | null = await this.users.findOneAndUpdate({_id: userId}, {$set: userData}. );
[7m  [0m [91m                                                                                                               ~[0m

    at createTSError (/usr/local/lib/node_modules/ts-node/src/index.ts:859:12)
    at reportTSError (/usr/local/lib/node_modules/ts-node/src/index.ts:863:19)
    at getOutput (/usr/local/lib/node_modules/ts-node/src/index.ts:1077:36)
    at Object.compile (/usr/local/lib/node_modules/ts-node/src/index.ts:1433:41)
    at Module.m._compile (/usr/local/lib/node_modules/ts-node/src/index.ts:1617:30)
    at Module._extensions..js (node:internal/modules/cjs/loader:1153:10)
    at Object.require.extensions.<computed> [as .ts] (/usr/local/lib/node_modules/ts-node/src/index.ts:1621:12)
    at Module.load (node:internal/modules/cjs/loader:981:32)
    at Function.Module._load (node:internal/modules/cjs/loader:822:12)
    at Module.require (node:internal/modules/cjs/loader:1005:19)
2022-11-08 08:46:26 error: uncaughtException: тип Unable to compile TypeScript:
[96mroutes/users.route.ts[0m:[93m21[0m:[93m65[0m - [91merror[0m[90m TS2339: [0mProperty 'deleteUser' does not exist on type 'UsersController'.

[7m21[0m     this.router.delete(`${this.path}/:id`, this.usersController.deleteUser);
[7m  [0m [91m                                                                ~~~~~~~~~~[0m

TSError: тип Unable to compile TypeScript:
[96mroutes/users.route.ts[0m:[93m21[0m:[93m65[0m - [91merror[0m[90m TS2339: [0mProperty 'deleteUser' does not exist on type 'UsersController'.

[7m21[0m     this.router.delete(`${this.path}/:id`, this.usersController.deleteUser);
[7m  [0m [91m                                                                ~~~~~~~~~~[0m

    at createTSError (/usr/local/lib/node_modules/ts-node/src/index.ts:859:12)
    at reportTSError (/usr/local/lib/node_modules/ts-node/src/index.ts:863:19)
    at getOutput (/usr/local/lib/node_modules/ts-node/src/index.ts:1077:36)
    at Object.compile (/usr/local/lib/node_modules/ts-node/src/index.ts:1433:41)
    at Module.m._compile (/usr/local/lib/node_modules/ts-node/src/index.ts:1617:30)
    at Module._extensions..js (node:internal/modules/cjs/loader:1153:10)
    at Object.require.extensions.<computed> [as .ts] (/usr/local/lib/node_modules/ts-node/src/index.ts:1621:12)
    at Module.load (node:internal/modules/cjs/loader:981:32)
    at Function.Module._load (node:internal/modules/cjs/loader:822:12)
    at Module.require (node:internal/modules/cjs/loader:1005:19)
2022-11-08 08:46:55 error: uncaughtException: тип Unable to compile TypeScript:
[96mcontrollers/users.controller.ts[0m:[93m56[0m:[93m5[0m - [91merror[0m[90m TS1472: [0m'catch' or 'finally' expected.

[7m56[0m     }
[7m  [0m [91m    ~[0m

TSError: тип Unable to compile TypeScript:
[96mcontrollers/users.controller.ts[0m:[93m56[0m:[93m5[0m - [91merror[0m[90m TS1472: [0m'catch' or 'finally' expected.

[7m56[0m     }
[7m  [0m [91m    ~[0m

    at createTSError (/usr/local/lib/node_modules/ts-node/src/index.ts:859:12)
    at reportTSError (/usr/local/lib/node_modules/ts-node/src/index.ts:863:19)
    at getOutput (/usr/local/lib/node_modules/ts-node/src/index.ts:1077:36)
    at Object.compile (/usr/local/lib/node_modules/ts-node/src/index.ts:1433:41)
    at Module.m._compile (/usr/local/lib/node_modules/ts-node/src/index.ts:1617:30)
    at Module._extensions..js (node:internal/modules/cjs/loader:1153:10)
    at Object.require.extensions.<computed> [as .ts] (/usr/local/lib/node_modules/ts-node/src/index.ts:1621:12)
    at Module.load (node:internal/modules/cjs/loader:981:32)
    at Function.Module._load (node:internal/modules/cjs/loader:822:12)
    at Module.require (node:internal/modules/cjs/loader:1005:19)
2022-11-08 08:47:33 error: uncaughtException: тип Unable to compile TypeScript:
[96mcontrollers/users.controller.ts[0m:[93m54[0m:[93m24[0m - [91merror[0m[90m TS2693: [0m'string' only refers to a type, but is being used as a value here.

[7m54[0m         const userId = string
[7m  [0m [91m                       ~~~~~~[0m

TSError: тип Unable to compile TypeScript:
[96mcontrollers/users.controller.ts[0m:[93m54[0m:[93m24[0m - [91merror[0m[90m TS2693: [0m'string' only refers to a type, but is being used as a value here.

[7m54[0m         const userId = string
[7m  [0m [91m                       ~~~~~~[0m

    at createTSError (/usr/local/lib/node_modules/ts-node/src/index.ts:859:12)
    at reportTSError (/usr/local/lib/node_modules/ts-node/src/index.ts:863:19)
    at getOutput (/usr/local/lib/node_modules/ts-node/src/index.ts:1077:36)
    at Object.compile (/usr/local/lib/node_modules/ts-node/src/index.ts:1433:41)
    at Module.m._compile (/usr/local/lib/node_modules/ts-node/src/index.ts:1617:30)
    at Module._extensions..js (node:internal/modules/cjs/loader:1153:10)
    at Object.require.extensions.<computed> [as .ts] (/usr/local/lib/node_modules/ts-node/src/index.ts:1621:12)
    at Module.load (node:internal/modules/cjs/loader:981:32)
    at Function.Module._load (node:internal/modules/cjs/loader:822:12)
    at Module.require (node:internal/modules/cjs/loader:1005:19)
2022-11-08 08:48:08 error: uncaughtException: тип Unable to compile TypeScript:
[96mcontrollers/users.controller.ts[0m:[93m54[0m:[93m35[0m - [91merror[0m[90m TS2339: [0mProperty 'bo' does not exist on type 'Request<ParamsDictionary, any, any, ParsedQs, Record<string, any>>'.

[7m54[0m         const userId:string = req.bo
[7m  [0m [91m                                  ~~[0m

TSError: тип Unable to compile TypeScript:
[96mcontrollers/users.controller.ts[0m:[93m54[0m:[93m35[0m - [91merror[0m[90m TS2339: [0mProperty 'bo' does not exist on type 'Request<ParamsDictionary, any, any, ParsedQs, Record<string, any>>'.

[7m54[0m         const userId:string = req.bo
[7m  [0m [91m                                  ~~[0m

    at createTSError (/usr/local/lib/node_modules/ts-node/src/index.ts:859:12)
    at reportTSError (/usr/local/lib/node_modules/ts-node/src/index.ts:863:19)
    at getOutput (/usr/local/lib/node_modules/ts-node/src/index.ts:1077:36)
    at Object.compile (/usr/local/lib/node_modules/ts-node/src/index.ts:1433:41)
    at Module.m._compile (/usr/local/lib/node_modules/ts-node/src/index.ts:1617:30)
    at Module._extensions..js (node:internal/modules/cjs/loader:1153:10)
    at Object.require.extensions.<computed> [as .ts] (/usr/local/lib/node_modules/ts-node/src/index.ts:1621:12)
    at Module.load (node:internal/modules/cjs/loader:981:32)
    at Function.Module._load (node:internal/modules/cjs/loader:822:12)
    at Module.require (node:internal/modules/cjs/loader:1005:19)
2022-11-08 08:48:11 error: uncaughtException: тип Unable to compile TypeScript:
[96mcontrollers/users.controller.ts[0m:[93m55[0m:[93m7[0m - [91merror[0m[90m TS1003: [0mIdentifier expected.

[7m55[0m       } catch(err) {
[7m  [0m [91m      ~[0m

TSError: тип Unable to compile TypeScript:
[96mcontrollers/users.controller.ts[0m:[93m55[0m:[93m7[0m - [91merror[0m[90m TS1003: [0mIdentifier expected.

[7m55[0m       } catch(err) {
[7m  [0m [91m      ~[0m

    at createTSError (/usr/local/lib/node_modules/ts-node/src/index.ts:859:12)
    at reportTSError (/usr/local/lib/node_modules/ts-node/src/index.ts:863:19)
    at getOutput (/usr/local/lib/node_modules/ts-node/src/index.ts:1077:36)
    at Object.compile (/usr/local/lib/node_modules/ts-node/src/index.ts:1433:41)
    at Module.m._compile (/usr/local/lib/node_modules/ts-node/src/index.ts:1617:30)
    at Module._extensions..js (node:internal/modules/cjs/loader:1153:10)
    at Object.require.extensions.<computed> [as .ts] (/usr/local/lib/node_modules/ts-node/src/index.ts:1621:12)
    at Module.load (node:internal/modules/cjs/loader:981:32)
    at Function.Module._load (node:internal/modules/cjs/loader:822:12)
    at Module.require (node:internal/modules/cjs/loader:1005:19)
2022-11-08 08:48:29 error: uncaughtException: тип Unable to compile TypeScript:
[96mcontrollers/users.controller.ts[0m:[93m56[0m:[93m7[0m - [91merror[0m[90m TS1003: [0mIdentifier expected.

[7m56[0m       } catch(err) {
[7m  [0m [91m      ~[0m

TSError: тип Unable to compile TypeScript:
[96mcontrollers/users.controller.ts[0m:[93m56[0m:[93m7[0m - [91merror[0m[90m TS1003: [0mIdentifier expected.

[7m56[0m       } catch(err) {
[7m  [0m [91m      ~[0m

    at createTSError (/usr/local/lib/node_modules/ts-node/src/index.ts:859:12)
    at reportTSError (/usr/local/lib/node_modules/ts-node/src/index.ts:863:19)
    at getOutput (/usr/local/lib/node_modules/ts-node/src/index.ts:1077:36)
    at Object.compile (/usr/local/lib/node_modules/ts-node/src/index.ts:1433:41)
    at Module.m._compile (/usr/local/lib/node_modules/ts-node/src/index.ts:1617:30)
    at Module._extensions..js (node:internal/modules/cjs/loader:1153:10)
    at Object.require.extensions.<computed> [as .ts] (/usr/local/lib/node_modules/ts-node/src/index.ts:1621:12)
    at Module.load (node:internal/modules/cjs/loader:981:32)
    at Function.Module._load (node:internal/modules/cjs/loader:822:12)
    at Module.require (node:internal/modules/cjs/loader:1005:19)
2022-11-08 08:48:35 error: uncaughtException: тип Unable to compile TypeScript:
[96mcontrollers/users.controller.ts[0m:[93m55[0m:[93m61[0m - [91merror[0m[90m TS2339: [0mProperty 'deleteUser' does not exist on type 'UserService'.

[7m55[0m         const deleteUserData: User = await this.userService.deleteUser();
[7m  [0m [91m                                                            ~~~~~~~~~~[0m

TSError: тип Unable to compile TypeScript:
[96mcontrollers/users.controller.ts[0m:[93m55[0m:[93m61[0m - [91merror[0m[90m TS2339: [0mProperty 'deleteUser' does not exist on type 'UserService'.

[7m55[0m         const deleteUserData: User = await this.userService.deleteUser();
[7m  [0m [91m                                                            ~~~~~~~~~~[0m

    at createTSError (/usr/local/lib/node_modules/ts-node/src/index.ts:859:12)
    at reportTSError (/usr/local/lib/node_modules/ts-node/src/index.ts:863:19)
    at getOutput (/usr/local/lib/node_modules/ts-node/src/index.ts:1077:36)
    at Object.compile (/usr/local/lib/node_modules/ts-node/src/index.ts:1433:41)
    at Module.m._compile (/usr/local/lib/node_modules/ts-node/src/index.ts:1617:30)
    at Module._extensions..js (node:internal/modules/cjs/loader:1153:10)
    at Object.require.extensions.<computed> [as .ts] (/usr/local/lib/node_modules/ts-node/src/index.ts:1621:12)
    at Module.load (node:internal/modules/cjs/loader:981:32)
    at Function.Module._load (node:internal/modules/cjs/loader:822:12)
    at Module.require (node:internal/modules/cjs/loader:1005:19)
2022-11-08 08:48:38 error: uncaughtException: тип Unable to compile TypeScript:
[96mcontrollers/users.controller.ts[0m:[93m55[0m:[93m61[0m - [91merror[0m[90m TS2339: [0mProperty 'deleteUser' does not exist on type 'UserService'.

[7m55[0m         const deleteUserData: User = await this.userService.deleteUser(userId);
[7m  [0m [91m                                                            ~~~~~~~~~~[0m

TSError: тип Unable to compile TypeScript:
[96mcontrollers/users.controller.ts[0m:[93m55[0m:[93m61[0m - [91merror[0m[90m TS2339: [0mProperty 'deleteUser' does not exist on type 'UserService'.

[7m55[0m         const deleteUserData: User = await this.userService.deleteUser(userId);
[7m  [0m [91m                                                            ~~~~~~~~~~[0m

    at createTSError (/usr/local/lib/node_modules/ts-node/src/index.ts:859:12)
    at reportTSError (/usr/local/lib/node_modules/ts-node/src/index.ts:863:19)
    at getOutput (/usr/local/lib/node_modules/ts-node/src/index.ts:1077:36)
    at Object.compile (/usr/local/lib/node_modules/ts-node/src/index.ts:1433:41)
    at Module.m._compile (/usr/local/lib/node_modules/ts-node/src/index.ts:1617:30)
    at Module._extensions..js (node:internal/modules/cjs/loader:1153:10)
    at Object.require.extensions.<computed> [as .ts] (/usr/local/lib/node_modules/ts-node/src/index.ts:1621:12)
    at Module.load (node:internal/modules/cjs/loader:981:32)
    at Function.Module._load (node:internal/modules/cjs/loader:822:12)
    at Module.require (node:internal/modules/cjs/loader:1005:19)
2022-11-08 08:48:46 error: uncaughtException: тип Unable to compile TypeScript:
[96mcontrollers/users.controller.ts[0m:[93m55[0m:[93m61[0m - [91merror[0m[90m TS2339: [0mProperty 'deleteUser' does not exist on type 'UserService'.

[7m55[0m         const deleteUserData: User = await this.userService.deleteUser(userId);
[7m  [0m [91m                                                            ~~~~~~~~~~[0m
[96mcontrollers/users.controller.ts[0m:[93m56[0m:[93m14[0m - [91merror[0m[90m TS2339: [0mProperty 'status' does not exist on type '(options?: OptionsJson | undefined) => NextHandleFunction'.

[7m56[0m         json.status(200).json()
[7m  [0m [91m             ~~~~~~[0m

TSError: тип Unable to compile TypeScript:
[96mcontrollers/users.controller.ts[0m:[93m55[0m:[93m61[0m - [91merror[0m[90m TS2339: [0mProperty 'deleteUser' does not exist on type 'UserService'.

[7m55[0m         const deleteUserData: User = await this.userService.deleteUser(userId);
[7m  [0m [91m                                                            ~~~~~~~~~~[0m
[96mcontrollers/users.controller.ts[0m:[93m56[0m:[93m14[0m - [91merror[0m[90m TS2339: [0mProperty 'status' does not exist on type '(options?: OptionsJson | undefined) => NextHandleFunction'.

[7m56[0m         json.status(200).json()
[7m  [0m [91m             ~~~~~~[0m

    at createTSError (/usr/local/lib/node_modules/ts-node/src/index.ts:859:12)
    at reportTSError (/usr/local/lib/node_modules/ts-node/src/index.ts:863:19)
    at getOutput (/usr/local/lib/node_modules/ts-node/src/index.ts:1077:36)
    at Object.compile (/usr/local/lib/node_modules/ts-node/src/index.ts:1433:41)
    at Module.m._compile (/usr/local/lib/node_modules/ts-node/src/index.ts:1617:30)
    at Module._extensions..js (node:internal/modules/cjs/loader:1153:10)
    at Object.require.extensions.<computed> [as .ts] (/usr/local/lib/node_modules/ts-node/src/index.ts:1621:12)
    at Module.load (node:internal/modules/cjs/loader:981:32)
    at Function.Module._load (node:internal/modules/cjs/loader:822:12)
    at Module.require (node:internal/modules/cjs/loader:1005:19)
2022-11-08 08:48:57 error: uncaughtException: тип Unable to compile TypeScript:
[96mcontrollers/users.controller.ts[0m:[93m55[0m:[93m61[0m - [91merror[0m[90m TS2339: [0mProperty 'deleteUser' does not exist on type 'UserService'.

[7m55[0m         const deleteUserData: User = await this.userService.deleteUser(userId);
[7m  [0m [91m                                                            ~~~~~~~~~~[0m
[96mcontrollers/users.controller.ts[0m:[93m56[0m:[93m14[0m - [91merror[0m[90m TS2339: [0mProperty 'status' does not exist on type '(options?: OptionsJson | undefined) => NextHandleFunction'.

[7m56[0m         json.status(200).json({data: deleteUserData, message: 'deleted'});
[7m  [0m [91m             ~~~~~~[0m

TSError: тип Unable to compile TypeScript:
[96mcontrollers/users.controller.ts[0m:[93m55[0m:[93m61[0m - [91merror[0m[90m TS2339: [0mProperty 'deleteUser' does not exist on type 'UserService'.

[7m55[0m         const deleteUserData: User = await this.userService.deleteUser(userId);
[7m  [0m [91m                                                            ~~~~~~~~~~[0m
[96mcontrollers/users.controller.ts[0m:[93m56[0m:[93m14[0m - [91merror[0m[90m TS2339: [0mProperty 'status' does not exist on type '(options?: OptionsJson | undefined) => NextHandleFunction'.

[7m56[0m         json.status(200).json({data: deleteUserData, message: 'deleted'});
[7m  [0m [91m             ~~~~~~[0m

    at createTSError (/usr/local/lib/node_modules/ts-node/src/index.ts:859:12)
    at reportTSError (/usr/local/lib/node_modules/ts-node/src/index.ts:863:19)
    at getOutput (/usr/local/lib/node_modules/ts-node/src/index.ts:1077:36)
    at Object.compile (/usr/local/lib/node_modules/ts-node/src/index.ts:1433:41)
    at Module.m._compile (/usr/local/lib/node_modules/ts-node/src/index.ts:1617:30)
    at Module._extensions..js (node:internal/modules/cjs/loader:1153:10)
    at Object.require.extensions.<computed> [as .ts] (/usr/local/lib/node_modules/ts-node/src/index.ts:1621:12)
    at Module.load (node:internal/modules/cjs/loader:981:32)
    at Function.Module._load (node:internal/modules/cjs/loader:822:12)
    at Module.require (node:internal/modules/cjs/loader:1005:19)
2022-11-08 08:49:05 error: uncaughtException: тип Unable to compile TypeScript:
[96mcontrollers/users.controller.ts[0m:[93m55[0m:[93m72[0m - [91merror[0m[90m TS2554: [0mExpected 0 arguments, but got 1.

[7m55[0m         const deleteUserData: User = await this.userService.deleteUser(userId);
[7m  [0m [91m                                                                       ~~~~~~[0m
[96mcontrollers/users.controller.ts[0m:[93m56[0m:[93m14[0m - [91merror[0m[90m TS2339: [0mProperty 'status' does not exist on type '(options?: OptionsJson | undefined) => NextHandleFunction'.

[7m56[0m         json.status(200).json({data: deleteUserData, message: 'deleted'});
[7m  [0m [91m             ~~~~~~[0m

TSError: тип Unable to compile TypeScript:
[96mcontrollers/users.controller.ts[0m:[93m55[0m:[93m72[0m - [91merror[0m[90m TS2554: [0mExpected 0 arguments, but got 1.

[7m55[0m         const deleteUserData: User = await this.userService.deleteUser(userId);
[7m  [0m [91m                                                                       ~~~~~~[0m
[96mcontrollers/users.controller.ts[0m:[93m56[0m:[93m14[0m - [91merror[0m[90m TS2339: [0mProperty 'status' does not exist on type '(options?: OptionsJson | undefined) => NextHandleFunction'.

[7m56[0m         json.status(200).json({data: deleteUserData, message: 'deleted'});
[7m  [0m [91m             ~~~~~~[0m

    at createTSError (/usr/local/lib/node_modules/ts-node/src/index.ts:859:12)
    at reportTSError (/usr/local/lib/node_modules/ts-node/src/index.ts:863:19)
    at getOutput (/usr/local/lib/node_modules/ts-node/src/index.ts:1077:36)
    at Object.compile (/usr/local/lib/node_modules/ts-node/src/index.ts:1433:41)
    at Module.m._compile (/usr/local/lib/node_modules/ts-node/src/index.ts:1617:30)
    at Module._extensions..js (node:internal/modules/cjs/loader:1153:10)
    at Object.require.extensions.<computed> [as .ts] (/usr/local/lib/node_modules/ts-node/src/index.ts:1621:12)
    at Module.load (node:internal/modules/cjs/loader:981:32)
    at Function.Module._load (node:internal/modules/cjs/loader:822:12)
    at Module.require (node:internal/modules/cjs/loader:1005:19)
2022-11-08 08:49:07 error: uncaughtException: тип Unable to compile TypeScript:
[96mcontrollers/users.controller.ts[0m:[93m55[0m:[93m72[0m - [91merror[0m[90m TS2554: [0mExpected 0 arguments, but got 1.

[7m55[0m         const deleteUserData: User = await this.userService.deleteUser(userId);
[7m  [0m [91m                                                                       ~~~~~~[0m
[96mcontrollers/users.controller.ts[0m:[93m56[0m:[93m14[0m - [91merror[0m[90m TS2339: [0mProperty 'status' does not exist on type '(options?: OptionsJson | undefined) => NextHandleFunction'.

[7m56[0m         json.status(200).json({data: deleteUserData, message: 'deleted'});
[7m  [0m [91m             ~~~~~~[0m

TSError: тип Unable to compile TypeScript:
[96mcontrollers/users.controller.ts[0m:[93m55[0m:[93m72[0m - [91merror[0m[90m TS2554: [0mExpected 0 arguments, but got 1.

[7m55[0m         const deleteUserData: User = await this.userService.deleteUser(userId);
[7m  [0m [91m                                                                       ~~~~~~[0m
[96mcontrollers/users.controller.ts[0m:[93m56[0m:[93m14[0m - [91merror[0m[90m TS2339: [0mProperty 'status' does not exist on type '(options?: OptionsJson | undefined) => NextHandleFunction'.

[7m56[0m         json.status(200).json({data: deleteUserData, message: 'deleted'});
[7m  [0m [91m             ~~~~~~[0m

    at createTSError (/usr/local/lib/node_modules/ts-node/src/index.ts:859:12)
    at reportTSError (/usr/local/lib/node_modules/ts-node/src/index.ts:863:19)
    at getOutput (/usr/local/lib/node_modules/ts-node/src/index.ts:1077:36)
    at Object.compile (/usr/local/lib/node_modules/ts-node/src/index.ts:1433:41)
    at Module.m._compile (/usr/local/lib/node_modules/ts-node/src/index.ts:1617:30)
    at Module._extensions..js (node:internal/modules/cjs/loader:1153:10)
    at Object.require.extensions.<computed> [as .ts] (/usr/local/lib/node_modules/ts-node/src/index.ts:1621:12)
    at Module.load (node:internal/modules/cjs/loader:981:32)
    at Function.Module._load (node:internal/modules/cjs/loader:822:12)
    at Module.require (node:internal/modules/cjs/loader:1005:19)
2022-11-08 08:49:15 error: uncaughtException: тип Unable to compile TypeScript:
[96mcontrollers/users.controller.ts[0m:[93m56[0m:[93m14[0m - [91merror[0m[90m TS2339: [0mProperty 'status' does not exist on type '(options?: OptionsJson | undefined) => NextHandleFunction'.

[7m56[0m         json.status(200).json({data: deleteUserData, message: 'deleted'});
[7m  [0m [91m             ~~~~~~[0m

TSError: тип Unable to compile TypeScript:
[96mcontrollers/users.controller.ts[0m:[93m56[0m:[93m14[0m - [91merror[0m[90m TS2339: [0mProperty 'status' does not exist on type '(options?: OptionsJson | undefined) => NextHandleFunction'.

[7m56[0m         json.status(200).json({data: deleteUserData, message: 'deleted'});
[7m  [0m [91m             ~~~~~~[0m

    at createTSError (/usr/local/lib/node_modules/ts-node/src/index.ts:859:12)
    at reportTSError (/usr/local/lib/node_modules/ts-node/src/index.ts:863:19)
    at getOutput (/usr/local/lib/node_modules/ts-node/src/index.ts:1077:36)
    at Object.compile (/usr/local/lib/node_modules/ts-node/src/index.ts:1433:41)
    at Module.m._compile (/usr/local/lib/node_modules/ts-node/src/index.ts:1617:30)
    at Module._extensions..js (node:internal/modules/cjs/loader:1153:10)
    at Object.require.extensions.<computed> [as .ts] (/usr/local/lib/node_modules/ts-node/src/index.ts:1621:12)
    at Module.load (node:internal/modules/cjs/loader:981:32)
    at Function.Module._load (node:internal/modules/cjs/loader:822:12)
    at Module.require (node:internal/modules/cjs/loader:1005:19)
2022-11-08 08:49:19 error: uncaughtException: тип Unable to compile TypeScript:
[96mcontrollers/users.controller.ts[0m:[93m56[0m:[93m14[0m - [91merror[0m[90m TS2339: [0mProperty 'status' does not exist on type '(options?: OptionsJson | undefined) => NextHandleFunction'.

[7m56[0m         json.status(200).json({data: deleteUserData, message: 'deleted'});
[7m  [0m [91m             ~~~~~~[0m

TSError: тип Unable to compile TypeScript:
[96mcontrollers/users.controller.ts[0m:[93m56[0m:[93m14[0m - [91merror[0m[90m TS2339: [0mProperty 'status' does not exist on type '(options?: OptionsJson | undefined) => NextHandleFunction'.

[7m56[0m         json.status(200).json({data: deleteUserData, message: 'deleted'});
[7m  [0m [91m             ~~~~~~[0m

    at createTSError (/usr/local/lib/node_modules/ts-node/src/index.ts:859:12)
    at reportTSError (/usr/local/lib/node_modules/ts-node/src/index.ts:863:19)
    at getOutput (/usr/local/lib/node_modules/ts-node/src/index.ts:1077:36)
    at Object.compile (/usr/local/lib/node_modules/ts-node/src/index.ts:1433:41)
    at Module.m._compile (/usr/local/lib/node_modules/ts-node/src/index.ts:1617:30)
    at Module._extensions..js (node:internal/modules/cjs/loader:1153:10)
    at Object.require.extensions.<computed> [as .ts] (/usr/local/lib/node_modules/ts-node/src/index.ts:1621:12)
    at Module.load (node:internal/modules/cjs/loader:981:32)
    at Function.Module._load (node:internal/modules/cjs/loader:822:12)
    at Module.require (node:internal/modules/cjs/loader:1005:19)
2022-11-08 08:49:33 error: uncaughtException: тип Unable to compile TypeScript:
[96mcontrollers/users.controller.ts[0m:[93m56[0m:[93m14[0m - [91merror[0m[90m TS2339: [0mProperty 'status' does not exist on type '(options?: OptionsJson | undefined) => NextHandleFunction'.

[7m56[0m         json.status(200).json({data: deleteUserData, message: 'deleted'});
[7m  [0m [91m             ~~~~~~[0m

TSError: тип Unable to compile TypeScript:
[96mcontrollers/users.controller.ts[0m:[93m56[0m:[93m14[0m - [91merror[0m[90m TS2339: [0mProperty 'status' does not exist on type '(options?: OptionsJson | undefined) => NextHandleFunction'.

[7m56[0m         json.status(200).json({data: deleteUserData, message: 'deleted'});
[7m  [0m [91m             ~~~~~~[0m

    at createTSError (/usr/local/lib/node_modules/ts-node/src/index.ts:859:12)
    at reportTSError (/usr/local/lib/node_modules/ts-node/src/index.ts:863:19)
    at getOutput (/usr/local/lib/node_modules/ts-node/src/index.ts:1077:36)
    at Object.compile (/usr/local/lib/node_modules/ts-node/src/index.ts:1433:41)
    at Module.m._compile (/usr/local/lib/node_modules/ts-node/src/index.ts:1617:30)
    at Module._extensions..js (node:internal/modules/cjs/loader:1153:10)
    at Object.require.extensions.<computed> [as .ts] (/usr/local/lib/node_modules/ts-node/src/index.ts:1621:12)
    at Module.load (node:internal/modules/cjs/loader:981:32)
    at Function.Module._load (node:internal/modules/cjs/loader:822:12)
    at Module.require (node:internal/modules/cjs/loader:1005:19)
2022-11-08 08:49:36 error: uncaughtException: тип Unable to compile TypeScript:
[96mcontrollers/users.controller.ts[0m:[93m56[0m:[93m14[0m - [91merror[0m[90m TS2339: [0mProperty 'status' does not exist on type '(options?: OptionsJson | undefined) => NextHandleFunction'.

[7m56[0m         json.status(200).json({data: deleteUserData, message: 'deleted'});
[7m  [0m [91m             ~~~~~~[0m

TSError: тип Unable to compile TypeScript:
[96mcontrollers/users.controller.ts[0m:[93m56[0m:[93m14[0m - [91merror[0m[90m TS2339: [0mProperty 'status' does not exist on type '(options?: OptionsJson | undefined) => NextHandleFunction'.

[7m56[0m         json.status(200).json({data: deleteUserData, message: 'deleted'});
[7m  [0m [91m             ~~~~~~[0m

    at createTSError (/usr/local/lib/node_modules/ts-node/src/index.ts:859:12)
    at reportTSError (/usr/local/lib/node_modules/ts-node/src/index.ts:863:19)
    at getOutput (/usr/local/lib/node_modules/ts-node/src/index.ts:1077:36)
    at Object.compile (/usr/local/lib/node_modules/ts-node/src/index.ts:1433:41)
    at Module.m._compile (/usr/local/lib/node_modules/ts-node/src/index.ts:1617:30)
    at Module._extensions..js (node:internal/modules/cjs/loader:1153:10)
    at Object.require.extensions.<computed> [as .ts] (/usr/local/lib/node_modules/ts-node/src/index.ts:1621:12)
    at Module.load (node:internal/modules/cjs/loader:981:32)
    at Function.Module._load (node:internal/modules/cjs/loader:822:12)
    at Module.require (node:internal/modules/cjs/loader:1005:19)
2022-11-08 08:49:39 error: uncaughtException: тип Unable to compile TypeScript:
[96mcontrollers/users.controller.ts[0m:[93m56[0m:[93m14[0m - [91merror[0m[90m TS2339: [0mProperty 'status' does not exist on type '(options?: OptionsJson | undefined) => NextHandleFunction'.

[7m56[0m         json.status(200).json({data: deleteUserData, message: 'deleted'});
[7m  [0m [91m             ~~~~~~[0m

TSError: тип Unable to compile TypeScript:
[96mcontrollers/users.controller.ts[0m:[93m56[0m:[93m14[0m - [91merror[0m[90m TS2339: [0mProperty 'status' does not exist on type '(options?: OptionsJson | undefined) => NextHandleFunction'.

[7m56[0m         json.status(200).json({data: deleteUserData, message: 'deleted'});
[7m  [0m [91m             ~~~~~~[0m

    at createTSError (/usr/local/lib/node_modules/ts-node/src/index.ts:859:12)
    at reportTSError (/usr/local/lib/node_modules/ts-node/src/index.ts:863:19)
    at getOutput (/usr/local/lib/node_modules/ts-node/src/index.ts:1077:36)
    at Object.compile (/usr/local/lib/node_modules/ts-node/src/index.ts:1433:41)
    at Module.m._compile (/usr/local/lib/node_modules/ts-node/src/index.ts:1617:30)
    at Module._extensions..js (node:internal/modules/cjs/loader:1153:10)
    at Object.require.extensions.<computed> [as .ts] (/usr/local/lib/node_modules/ts-node/src/index.ts:1621:12)
    at Module.load (node:internal/modules/cjs/loader:981:32)
    at Function.Module._load (node:internal/modules/cjs/loader:822:12)
    at Module.require (node:internal/modules/cjs/loader:1005:19)
2022-11-08 08:49:42 error: uncaughtException: тип Unable to compile TypeScript:
[96mcontrollers/users.controller.ts[0m:[93m56[0m:[93m14[0m - [91merror[0m[90m TS2339: [0mProperty 'status' does not exist on type '(options?: OptionsJson | undefined) => NextHandleFunction'.

[7m56[0m         json.status(200).json({data: deleteUserData, message: 'deleted'});
[7m  [0m [91m             ~~~~~~[0m

TSError: тип Unable to compile TypeScript:
[96mcontrollers/users.controller.ts[0m:[93m56[0m:[93m14[0m - [91merror[0m[90m TS2339: [0mProperty 'status' does not exist on type '(options?: OptionsJson | undefined) => NextHandleFunction'.

[7m56[0m         json.status(200).json({data: deleteUserData, message: 'deleted'});
[7m  [0m [91m             ~~~~~~[0m

    at createTSError (/usr/local/lib/node_modules/ts-node/src/index.ts:859:12)
    at reportTSError (/usr/local/lib/node_modules/ts-node/src/index.ts:863:19)
    at getOutput (/usr/local/lib/node_modules/ts-node/src/index.ts:1077:36)
    at Object.compile (/usr/local/lib/node_modules/ts-node/src/index.ts:1433:41)
    at Module.m._compile (/usr/local/lib/node_modules/ts-node/src/index.ts:1617:30)
    at Module._extensions..js (node:internal/modules/cjs/loader:1153:10)
    at Object.require.extensions.<computed> [as .ts] (/usr/local/lib/node_modules/ts-node/src/index.ts:1621:12)
    at Module.load (node:internal/modules/cjs/loader:981:32)
    at Function.Module._load (node:internal/modules/cjs/loader:822:12)
    at Module.require (node:internal/modules/cjs/loader:1005:19)
2022-11-08 08:49:46 error: uncaughtException: тип Unable to compile TypeScript:
[96mcontrollers/users.controller.ts[0m:[93m56[0m:[93m14[0m - [91merror[0m[90m TS2339: [0mProperty 'status' does not exist on type '(options?: OptionsJson | undefined) => NextHandleFunction'.

[7m56[0m         json.status(200).json({data: deleteUserData, message: 'deleted'});
[7m  [0m [91m             ~~~~~~[0m

TSError: тип Unable to compile TypeScript:
[96mcontrollers/users.controller.ts[0m:[93m56[0m:[93m14[0m - [91merror[0m[90m TS2339: [0mProperty 'status' does not exist on type '(options?: OptionsJson | undefined) => NextHandleFunction'.

[7m56[0m         json.status(200).json({data: deleteUserData, message: 'deleted'});
[7m  [0m [91m             ~~~~~~[0m

    at createTSError (/usr/local/lib/node_modules/ts-node/src/index.ts:859:12)
    at reportTSError (/usr/local/lib/node_modules/ts-node/src/index.ts:863:19)
    at getOutput (/usr/local/lib/node_modules/ts-node/src/index.ts:1077:36)
    at Object.compile (/usr/local/lib/node_modules/ts-node/src/index.ts:1433:41)
    at Module.m._compile (/usr/local/lib/node_modules/ts-node/src/index.ts:1617:30)
    at Module._extensions..js (node:internal/modules/cjs/loader:1153:10)
    at Object.require.extensions.<computed> [as .ts] (/usr/local/lib/node_modules/ts-node/src/index.ts:1621:12)
    at Module.load (node:internal/modules/cjs/loader:981:32)
    at Function.Module._load (node:internal/modules/cjs/loader:822:12)
    at Module.require (node:internal/modules/cjs/loader:1005:19)
2022-11-08 08:49:50 error: uncaughtException: тип Unable to compile TypeScript:
[96mcontrollers/users.controller.ts[0m:[93m56[0m:[93m14[0m - [91merror[0m[90m TS2339: [0mProperty 'status' does not exist on type '(options?: OptionsJson | undefined) => NextHandleFunction'.

[7m56[0m         json.status(200).json({data: deleteUserData, message: 'deleted'});
[7m  [0m [91m             ~~~~~~[0m

TSError: тип Unable to compile TypeScript:
[96mcontrollers/users.controller.ts[0m:[93m56[0m:[93m14[0m - [91merror[0m[90m TS2339: [0mProperty 'status' does not exist on type '(options?: OptionsJson | undefined) => NextHandleFunction'.

[7m56[0m         json.status(200).json({data: deleteUserData, message: 'deleted'});
[7m  [0m [91m             ~~~~~~[0m

    at createTSError (/usr/local/lib/node_modules/ts-node/src/index.ts:859:12)
    at reportTSError (/usr/local/lib/node_modules/ts-node/src/index.ts:863:19)
    at getOutput (/usr/local/lib/node_modules/ts-node/src/index.ts:1077:36)
    at Object.compile (/usr/local/lib/node_modules/ts-node/src/index.ts:1433:41)
    at Module.m._compile (/usr/local/lib/node_modules/ts-node/src/index.ts:1617:30)
    at Module._extensions..js (node:internal/modules/cjs/loader:1153:10)
    at Object.require.extensions.<computed> [as .ts] (/usr/local/lib/node_modules/ts-node/src/index.ts:1621:12)
    at Module.load (node:internal/modules/cjs/loader:981:32)
    at Function.Module._load (node:internal/modules/cjs/loader:822:12)
    at Module.require (node:internal/modules/cjs/loader:1005:19)
2022-11-08 08:49:58 error: uncaughtException: тип Unable to compile TypeScript:
[96mcontrollers/users.controller.ts[0m:[93m56[0m:[93m14[0m - [91merror[0m[90m TS2339: [0mProperty 'status' does not exist on type '(options?: OptionsJson | undefined) => NextHandleFunction'.

[7m56[0m         json.status(200).json({data: deleteUserData, message: 'deleted'});
[7m  [0m [91m             ~~~~~~[0m

TSError: тип Unable to compile TypeScript:
[96mcontrollers/users.controller.ts[0m:[93m56[0m:[93m14[0m - [91merror[0m[90m TS2339: [0mProperty 'status' does not exist on type '(options?: OptionsJson | undefined) => NextHandleFunction'.

[7m56[0m         json.status(200).json({data: deleteUserData, message: 'deleted'});
[7m  [0m [91m             ~~~~~~[0m

    at createTSError (/usr/local/lib/node_modules/ts-node/src/index.ts:859:12)
    at reportTSError (/usr/local/lib/node_modules/ts-node/src/index.ts:863:19)
    at getOutput (/usr/local/lib/node_modules/ts-node/src/index.ts:1077:36)
    at Object.compile (/usr/local/lib/node_modules/ts-node/src/index.ts:1433:41)
    at Module.m._compile (/usr/local/lib/node_modules/ts-node/src/index.ts:1617:30)
    at Module._extensions..js (node:internal/modules/cjs/loader:1153:10)
    at Object.require.extensions.<computed> [as .ts] (/usr/local/lib/node_modules/ts-node/src/index.ts:1621:12)
    at Module.load (node:internal/modules/cjs/loader:981:32)
    at Function.Module._load (node:internal/modules/cjs/loader:822:12)
    at Module.require (node:internal/modules/cjs/loader:1005:19)
2022-11-08 08:50:02 error: uncaughtException: тип Unable to compile TypeScript:
[96mcontrollers/users.controller.ts[0m:[93m56[0m:[93m14[0m - [91merror[0m[90m TS2339: [0mProperty 'status' does not exist on type '(options?: OptionsJson | undefined) => NextHandleFunction'.

[7m56[0m         json.status(200).json({data: deleteUserData, message: 'deleted'});
[7m  [0m [91m             ~~~~~~[0m

TSError: тип Unable to compile TypeScript:
[96mcontrollers/users.controller.ts[0m:[93m56[0m:[93m14[0m - [91merror[0m[90m TS2339: [0mProperty 'status' does not exist on type '(options?: OptionsJson | undefined) => NextHandleFunction'.

[7m56[0m         json.status(200).json({data: deleteUserData, message: 'deleted'});
[7m  [0m [91m             ~~~~~~[0m

    at createTSError (/usr/local/lib/node_modules/ts-node/src/index.ts:859:12)
    at reportTSError (/usr/local/lib/node_modules/ts-node/src/index.ts:863:19)
    at getOutput (/usr/local/lib/node_modules/ts-node/src/index.ts:1077:36)
    at Object.compile (/usr/local/lib/node_modules/ts-node/src/index.ts:1433:41)
    at Module.m._compile (/usr/local/lib/node_modules/ts-node/src/index.ts:1617:30)
    at Module._extensions..js (node:internal/modules/cjs/loader:1153:10)
    at Object.require.extensions.<computed> [as .ts] (/usr/local/lib/node_modules/ts-node/src/index.ts:1621:12)
    at Module.load (node:internal/modules/cjs/loader:981:32)
    at Function.Module._load (node:internal/modules/cjs/loader:822:12)
    at Module.require (node:internal/modules/cjs/loader:1005:19)
2022-11-08 08:50:05 error: uncaughtException: тип Unable to compile TypeScript:
[96mcontrollers/users.controller.ts[0m:[93m56[0m:[93m14[0m - [91merror[0m[90m TS2339: [0mProperty 'status' does not exist on type '(options?: OptionsJson | undefined) => NextHandleFunction'.

[7m56[0m         json.status(200).json({data: deleteUserData, message: 'deleted'});
[7m  [0m [91m             ~~~~~~[0m

TSError: тип Unable to compile TypeScript:
[96mcontrollers/users.controller.ts[0m:[93m56[0m:[93m14[0m - [91merror[0m[90m TS2339: [0mProperty 'status' does not exist on type '(options?: OptionsJson | undefined) => NextHandleFunction'.

[7m56[0m         json.status(200).json({data: deleteUserData, message: 'deleted'});
[7m  [0m [91m             ~~~~~~[0m

    at createTSError (/usr/local/lib/node_modules/ts-node/src/index.ts:859:12)
    at reportTSError (/usr/local/lib/node_modules/ts-node/src/index.ts:863:19)
    at getOutput (/usr/local/lib/node_modules/ts-node/src/index.ts:1077:36)
    at Object.compile (/usr/local/lib/node_modules/ts-node/src/index.ts:1433:41)
    at Module.m._compile (/usr/local/lib/node_modules/ts-node/src/index.ts:1617:30)
    at Module._extensions..js (node:internal/modules/cjs/loader:1153:10)
    at Object.require.extensions.<computed> [as .ts] (/usr/local/lib/node_modules/ts-node/src/index.ts:1621:12)
    at Module.load (node:internal/modules/cjs/loader:981:32)
    at Function.Module._load (node:internal/modules/cjs/loader:822:12)
    at Module.require (node:internal/modules/cjs/loader:1005:19)
2022-11-08 08:50:12 error: uncaughtException: тип Unable to compile TypeScript:
[96mcontrollers/users.controller.ts[0m:[93m56[0m:[93m14[0m - [91merror[0m[90m TS2339: [0mProperty 'status' does not exist on type '(options?: OptionsJson | undefined) => NextHandleFunction'.

[7m56[0m         json.status(200).json({data: deleteUserData, message: 'deleted'});
[7m  [0m [91m             ~~~~~~[0m

TSError: тип Unable to compile TypeScript:
[96mcontrollers/users.controller.ts[0m:[93m56[0m:[93m14[0m - [91merror[0m[90m TS2339: [0mProperty 'status' does not exist on type '(options?: OptionsJson | undefined) => NextHandleFunction'.

[7m56[0m         json.status(200).json({data: deleteUserData, message: 'deleted'});
[7m  [0m [91m             ~~~~~~[0m

    at createTSError (/usr/local/lib/node_modules/ts-node/src/index.ts:859:12)
    at reportTSError (/usr/local/lib/node_modules/ts-node/src/index.ts:863:19)
    at getOutput (/usr/local/lib/node_modules/ts-node/src/index.ts:1077:36)
    at Object.compile (/usr/local/lib/node_modules/ts-node/src/index.ts:1433:41)
    at Module.m._compile (/usr/local/lib/node_modules/ts-node/src/index.ts:1617:30)
    at Module._extensions..js (node:internal/modules/cjs/loader:1153:10)
    at Object.require.extensions.<computed> [as .ts] (/usr/local/lib/node_modules/ts-node/src/index.ts:1621:12)
    at Module.load (node:internal/modules/cjs/loader:981:32)
    at Function.Module._load (node:internal/modules/cjs/loader:822:12)
    at Module.require (node:internal/modules/cjs/loader:1005:19)
