2022-11-03 10:52:23 error: uncaughtException: Invalid scheme, expected connection string to start with "mongodb://" or "mongodb+srv://"
MongoParseError: Invalid scheme, expected connection string to start with "mongodb://" or "mongodb+srv://"
    at new ConnectionString (/Users/fengyuwangbv/Desktop/studyAppWeb/backend/node_modules/mongodb-connection-string-url/src/index.ts:133:13)
    at parseOptions (/Users/fengyuwangbv/Desktop/studyAppWeb/backend/node_modules/mongodb/src/connection_string.ts:257:15)
    at new MongoClient (/Users/fengyuwangbv/Desktop/studyAppWeb/backend/node_modules/mongodb/src/mongo_client.ts:349:34)
    at Object.<anonymous> (/Users/fengyuwangbv/Desktop/studyAppWeb/backend/src/database/connect.ts:9:37)
    at Module._compile (node:internal/modules/cjs/loader:1101:14)
    at Module.m._compile (/usr/local/lib/node_modules/ts-node/src/index.ts:1618:23)
    at Module._extensions..js (node:internal/modules/cjs/loader:1153:10)
    at Object.require.extensions.<computed> [as .ts] (/usr/local/lib/node_modules/ts-node/src/index.ts:1621:12)
    at Module.load (node:internal/modules/cjs/loader:981:32)
    at Function.Module._load (node:internal/modules/cjs/loader:822:12)
2022-11-03 10:54:56 error: uncaughtException: Invalid scheme, expected connection string to start with "mongodb://" or "mongodb+srv://"
MongoParseError: Invalid scheme, expected connection string to start with "mongodb://" or "mongodb+srv://"
    at new ConnectionString (/Users/fengyuwangbv/Desktop/studyAppWeb/backend/node_modules/mongodb-connection-string-url/src/index.ts:133:13)
    at parseOptions (/Users/fengyuwangbv/Desktop/studyAppWeb/backend/node_modules/mongodb/src/connection_string.ts:257:15)
    at new MongoClient (/Users/fengyuwangbv/Desktop/studyAppWeb/backend/node_modules/mongodb/src/mongo_client.ts:349:34)
    at Object.<anonymous> (/Users/fengyuwangbv/Desktop/studyAppWeb/backend/src/database/connect.ts:9:37)
    at Module._compile (node:internal/modules/cjs/loader:1101:14)
    at Module.m._compile (/usr/local/lib/node_modules/ts-node/src/index.ts:1618:23)
    at Module._extensions..js (node:internal/modules/cjs/loader:1153:10)
    at Object.require.extensions.<computed> [as .ts] (/usr/local/lib/node_modules/ts-node/src/index.ts:1621:12)
    at Module.load (node:internal/modules/cjs/loader:981:32)
    at Function.Module._load (node:internal/modules/cjs/loader:822:12)
2022-11-03 10:56:10 error: uncaughtException: Invalid scheme, expected connection string to start with "mongodb://" or "mongodb+srv://"
MongoParseError: Invalid scheme, expected connection string to start with "mongodb://" or "mongodb+srv://"
    at new ConnectionString (/Users/fengyuwangbv/Desktop/studyAppWeb/backend/node_modules/mongodb-connection-string-url/src/index.ts:133:13)
    at parseOptions (/Users/fengyuwangbv/Desktop/studyAppWeb/backend/node_modules/mongodb/src/connection_string.ts:257:15)
    at new MongoClient (/Users/fengyuwangbv/Desktop/studyAppWeb/backend/node_modules/mongodb/src/mongo_client.ts:349:34)
    at Object.<anonymous> (/Users/fengyuwangbv/Desktop/studyAppWeb/backend/src/database/connect.ts:9:37)
    at Module._compile (node:internal/modules/cjs/loader:1101:14)
    at Module.m._compile (/usr/local/lib/node_modules/ts-node/src/index.ts:1618:23)
    at Module._extensions..js (node:internal/modules/cjs/loader:1153:10)
    at Object.require.extensions.<computed> [as .ts] (/usr/local/lib/node_modules/ts-node/src/index.ts:1621:12)
    at Module.load (node:internal/modules/cjs/loader:981:32)
    at Function.Module._load (node:internal/modules/cjs/loader:822:12)
2022-11-03 10:56:15 error: uncaughtException: Invalid scheme, expected connection string to start with "mongodb://" or "mongodb+srv://"
MongoParseError: Invalid scheme, expected connection string to start with "mongodb://" or "mongodb+srv://"
    at new ConnectionString (/Users/fengyuwangbv/Desktop/studyAppWeb/backend/node_modules/mongodb-connection-string-url/src/index.ts:133:13)
    at parseOptions (/Users/fengyuwangbv/Desktop/studyAppWeb/backend/node_modules/mongodb/src/connection_string.ts:257:15)
    at new MongoClient (/Users/fengyuwangbv/Desktop/studyAppWeb/backend/node_modules/mongodb/src/mongo_client.ts:349:34)
    at Object.<anonymous> (/Users/fengyuwangbv/Desktop/studyAppWeb/backend/src/database/connect.ts:9:37)
    at Module._compile (node:internal/modules/cjs/loader:1101:14)
    at Module.m._compile (/usr/local/lib/node_modules/ts-node/src/index.ts:1618:23)
    at Module._extensions..js (node:internal/modules/cjs/loader:1153:10)
    at Object.require.extensions.<computed> [as .ts] (/usr/local/lib/node_modules/ts-node/src/index.ts:1621:12)
    at Module.load (node:internal/modules/cjs/loader:981:32)
    at Function.Module._load (node:internal/modules/cjs/loader:822:12)
2022-11-03 10:56:22 error: uncaughtException: Invalid scheme, expected connection string to start with "mongodb://" or "mongodb+srv://"
MongoParseError: Invalid scheme, expected connection string to start with "mongodb://" or "mongodb+srv://"
    at new ConnectionString (/Users/fengyuwangbv/Desktop/studyAppWeb/backend/node_modules/mongodb-connection-string-url/src/index.ts:133:13)
    at parseOptions (/Users/fengyuwangbv/Desktop/studyAppWeb/backend/node_modules/mongodb/src/connection_string.ts:257:15)
    at new MongoClient (/Users/fengyuwangbv/Desktop/studyAppWeb/backend/node_modules/mongodb/src/mongo_client.ts:349:34)
    at Object.<anonymous> (/Users/fengyuwangbv/Desktop/studyAppWeb/backend/src/database/connect.ts:9:37)
    at Module._compile (node:internal/modules/cjs/loader:1101:14)
    at Module.m._compile (/usr/local/lib/node_modules/ts-node/src/index.ts:1618:23)
    at Module._extensions..js (node:internal/modules/cjs/loader:1153:10)
    at Object.require.extensions.<computed> [as .ts] (/usr/local/lib/node_modules/ts-node/src/index.ts:1621:12)
    at Module.load (node:internal/modules/cjs/loader:981:32)
    at Function.Module._load (node:internal/modules/cjs/loader:822:12)
2022-11-03 10:56:27 error: uncaughtException: Invalid scheme, expected connection string to start with "mongodb://" or "mongodb+srv://"
MongoParseError: Invalid scheme, expected connection string to start with "mongodb://" or "mongodb+srv://"
    at new ConnectionString (/Users/fengyuwangbv/Desktop/studyAppWeb/backend/node_modules/mongodb-connection-string-url/src/index.ts:133:13)
    at parseOptions (/Users/fengyuwangbv/Desktop/studyAppWeb/backend/node_modules/mongodb/src/connection_string.ts:257:15)
    at new MongoClient (/Users/fengyuwangbv/Desktop/studyAppWeb/backend/node_modules/mongodb/src/mongo_client.ts:349:34)
    at Object.<anonymous> (/Users/fengyuwangbv/Desktop/studyAppWeb/backend/src/database/connect.ts:9:37)
    at Module._compile (node:internal/modules/cjs/loader:1101:14)
    at Module.m._compile (/usr/local/lib/node_modules/ts-node/src/index.ts:1618:23)
    at Module._extensions..js (node:internal/modules/cjs/loader:1153:10)
    at Object.require.extensions.<computed> [as .ts] (/usr/local/lib/node_modules/ts-node/src/index.ts:1621:12)
    at Module.load (node:internal/modules/cjs/loader:981:32)
    at Function.Module._load (node:internal/modules/cjs/loader:822:12)
2022-11-03 10:56:33 error: uncaughtException: Invalid scheme, expected connection string to start with "mongodb://" or "mongodb+srv://"
MongoParseError: Invalid scheme, expected connection string to start with "mongodb://" or "mongodb+srv://"
    at new ConnectionString (/Users/fengyuwangbv/Desktop/studyAppWeb/backend/node_modules/mongodb-connection-string-url/src/index.ts:133:13)
    at parseOptions (/Users/fengyuwangbv/Desktop/studyAppWeb/backend/node_modules/mongodb/src/connection_string.ts:257:15)
    at new MongoClient (/Users/fengyuwangbv/Desktop/studyAppWeb/backend/node_modules/mongodb/src/mongo_client.ts:349:34)
    at Object.<anonymous> (/Users/fengyuwangbv/Desktop/studyAppWeb/backend/src/database/connect.ts:9:37)
    at Module._compile (node:internal/modules/cjs/loader:1101:14)
    at Module.m._compile (/usr/local/lib/node_modules/ts-node/src/index.ts:1618:23)
    at Module._extensions..js (node:internal/modules/cjs/loader:1153:10)
    at Object.require.extensions.<computed> [as .ts] (/usr/local/lib/node_modules/ts-node/src/index.ts:1621:12)
    at Module.load (node:internal/modules/cjs/loader:981:32)
    at Function.Module._load (node:internal/modules/cjs/loader:822:12)
2022-11-03 10:56:42 error: uncaughtException: Invalid scheme, expected connection string to start with "mongodb://" or "mongodb+srv://"
MongoParseError: Invalid scheme, expected connection string to start with "mongodb://" or "mongodb+srv://"
    at new ConnectionString (/Users/fengyuwangbv/Desktop/studyAppWeb/backend/node_modules/mongodb-connection-string-url/src/index.ts:133:13)
    at parseOptions (/Users/fengyuwangbv/Desktop/studyAppWeb/backend/node_modules/mongodb/src/connection_string.ts:257:15)
    at new MongoClient (/Users/fengyuwangbv/Desktop/studyAppWeb/backend/node_modules/mongodb/src/mongo_client.ts:349:34)
    at Object.<anonymous> (/Users/fengyuwangbv/Desktop/studyAppWeb/backend/src/database/connect.ts:9:37)
    at Module._compile (node:internal/modules/cjs/loader:1101:14)
    at Module.m._compile (/usr/local/lib/node_modules/ts-node/src/index.ts:1618:23)
    at Module._extensions..js (node:internal/modules/cjs/loader:1153:10)
    at Object.require.extensions.<computed> [as .ts] (/usr/local/lib/node_modules/ts-node/src/index.ts:1621:12)
    at Module.load (node:internal/modules/cjs/loader:981:32)
    at Function.Module._load (node:internal/modules/cjs/loader:822:12)
2022-11-03 10:57:13 error: uncaughtException: Invalid scheme, expected connection string to start with "mongodb://" or "mongodb+srv://"
MongoParseError: Invalid scheme, expected connection string to start with "mongodb://" or "mongodb+srv://"
    at new ConnectionString (/Users/fengyuwangbv/Desktop/studyAppWeb/backend/node_modules/mongodb-connection-string-url/src/index.ts:133:13)
    at parseOptions (/Users/fengyuwangbv/Desktop/studyAppWeb/backend/node_modules/mongodb/src/connection_string.ts:257:15)
    at new MongoClient (/Users/fengyuwangbv/Desktop/studyAppWeb/backend/node_modules/mongodb/src/mongo_client.ts:349:34)
    at Object.<anonymous> (/Users/fengyuwangbv/Desktop/studyAppWeb/backend/src/database/connect.ts:9:37)
    at Module._compile (node:internal/modules/cjs/loader:1101:14)
    at Module.m._compile (/usr/local/lib/node_modules/ts-node/src/index.ts:1618:23)
    at Module._extensions..js (node:internal/modules/cjs/loader:1153:10)
    at Object.require.extensions.<computed> [as .ts] (/usr/local/lib/node_modules/ts-node/src/index.ts:1621:12)
    at Module.load (node:internal/modules/cjs/loader:981:32)
    at Function.Module._load (node:internal/modules/cjs/loader:822:12)
2022-11-03 10:57:17 error: uncaughtException: Invalid scheme, expected connection string to start with "mongodb://" or "mongodb+srv://"
MongoParseError: Invalid scheme, expected connection string to start with "mongodb://" or "mongodb+srv://"
    at new ConnectionString (/Users/fengyuwangbv/Desktop/studyAppWeb/backend/node_modules/mongodb-connection-string-url/src/index.ts:133:13)
    at parseOptions (/Users/fengyuwangbv/Desktop/studyAppWeb/backend/node_modules/mongodb/src/connection_string.ts:257:15)
    at new MongoClient (/Users/fengyuwangbv/Desktop/studyAppWeb/backend/node_modules/mongodb/src/mongo_client.ts:349:34)
    at Object.<anonymous> (/Users/fengyuwangbv/Desktop/studyAppWeb/backend/src/database/connect.ts:9:37)
    at Module._compile (node:internal/modules/cjs/loader:1101:14)
    at Module.m._compile (/usr/local/lib/node_modules/ts-node/src/index.ts:1618:23)
    at Module._extensions..js (node:internal/modules/cjs/loader:1153:10)
    at Object.require.extensions.<computed> [as .ts] (/usr/local/lib/node_modules/ts-node/src/index.ts:1621:12)
    at Module.load (node:internal/modules/cjs/loader:981:32)
    at Function.Module._load (node:internal/modules/cjs/loader:822:12)
2022-11-03 10:57:24 error: uncaughtException: Invalid scheme, expected connection string to start with "mongodb://" or "mongodb+srv://"
MongoParseError: Invalid scheme, expected connection string to start with "mongodb://" or "mongodb+srv://"
    at new ConnectionString (/Users/fengyuwangbv/Desktop/studyAppWeb/backend/node_modules/mongodb-connection-string-url/src/index.ts:133:13)
    at parseOptions (/Users/fengyuwangbv/Desktop/studyAppWeb/backend/node_modules/mongodb/src/connection_string.ts:257:15)
    at new MongoClient (/Users/fengyuwangbv/Desktop/studyAppWeb/backend/node_modules/mongodb/src/mongo_client.ts:349:34)
    at Object.<anonymous> (/Users/fengyuwangbv/Desktop/studyAppWeb/backend/src/database/connect.ts:9:37)
    at Module._compile (node:internal/modules/cjs/loader:1101:14)
    at Module.m._compile (/usr/local/lib/node_modules/ts-node/src/index.ts:1618:23)
    at Module._extensions..js (node:internal/modules/cjs/loader:1153:10)
    at Object.require.extensions.<computed> [as .ts] (/usr/local/lib/node_modules/ts-node/src/index.ts:1621:12)
    at Module.load (node:internal/modules/cjs/loader:981:32)
    at Function.Module._load (node:internal/modules/cjs/loader:822:12)
2022-11-03 10:58:17 error: uncaughtException: Invalid scheme, expected connection string to start with "mongodb://" or "mongodb+srv://"
MongoParseError: Invalid scheme, expected connection string to start with "mongodb://" or "mongodb+srv://"
    at new ConnectionString (/Users/fengyuwangbv/Desktop/studyAppWeb/backend/node_modules/mongodb-connection-string-url/src/index.ts:133:13)
    at parseOptions (/Users/fengyuwangbv/Desktop/studyAppWeb/backend/node_modules/mongodb/src/connection_string.ts:257:15)
    at new MongoClient (/Users/fengyuwangbv/Desktop/studyAppWeb/backend/node_modules/mongodb/src/mongo_client.ts:349:34)
    at Object.<anonymous> (/Users/fengyuwangbv/Desktop/studyAppWeb/backend/src/database/connect.ts:9:37)
    at Module._compile (node:internal/modules/cjs/loader:1101:14)
    at Module.m._compile (/usr/local/lib/node_modules/ts-node/src/index.ts:1618:23)
    at Module._extensions..js (node:internal/modules/cjs/loader:1153:10)
    at Object.require.extensions.<computed> [as .ts] (/usr/local/lib/node_modules/ts-node/src/index.ts:1621:12)
    at Module.load (node:internal/modules/cjs/loader:981:32)
    at Function.Module._load (node:internal/modules/cjs/loader:822:12)
2022-11-03 10:58:37 error: uncaughtException: Invalid scheme, expected connection string to start with "mongodb://" or "mongodb+srv://"
MongoParseError: Invalid scheme, expected connection string to start with "mongodb://" or "mongodb+srv://"
    at new ConnectionString (/Users/fengyuwangbv/Desktop/studyAppWeb/backend/node_modules/mongodb-connection-string-url/src/index.ts:133:13)
    at parseOptions (/Users/fengyuwangbv/Desktop/studyAppWeb/backend/node_modules/mongodb/src/connection_string.ts:257:15)
    at new MongoClient (/Users/fengyuwangbv/Desktop/studyAppWeb/backend/node_modules/mongodb/src/mongo_client.ts:349:34)
    at Object.<anonymous> (/Users/fengyuwangbv/Desktop/studyAppWeb/backend/src/database/connect.ts:9:37)
    at Module._compile (node:internal/modules/cjs/loader:1101:14)
    at Module.m._compile (/usr/local/lib/node_modules/ts-node/src/index.ts:1618:23)
    at Module._extensions..js (node:internal/modules/cjs/loader:1153:10)
    at Object.require.extensions.<computed> [as .ts] (/usr/local/lib/node_modules/ts-node/src/index.ts:1621:12)
    at Module.load (node:internal/modules/cjs/loader:981:32)
    at Function.Module._load (node:internal/modules/cjs/loader:822:12)
2022-11-03 10:58:39 error: uncaughtException: Invalid scheme, expected connection string to start with "mongodb://" or "mongodb+srv://"
MongoParseError: Invalid scheme, expected connection string to start with "mongodb://" or "mongodb+srv://"
    at new ConnectionString (/Users/fengyuwangbv/Desktop/studyAppWeb/backend/node_modules/mongodb-connection-string-url/src/index.ts:133:13)
    at parseOptions (/Users/fengyuwangbv/Desktop/studyAppWeb/backend/node_modules/mongodb/src/connection_string.ts:257:15)
    at new MongoClient (/Users/fengyuwangbv/Desktop/studyAppWeb/backend/node_modules/mongodb/src/mongo_client.ts:349:34)
    at Object.<anonymous> (/Users/fengyuwangbv/Desktop/studyAppWeb/backend/src/database/connect.ts:9:37)
    at Module._compile (node:internal/modules/cjs/loader:1101:14)
    at Module.m._compile (/usr/local/lib/node_modules/ts-node/src/index.ts:1618:23)
    at Module._extensions..js (node:internal/modules/cjs/loader:1153:10)
    at Object.require.extensions.<computed> [as .ts] (/usr/local/lib/node_modules/ts-node/src/index.ts:1621:12)
    at Module.load (node:internal/modules/cjs/loader:981:32)
    at Function.Module._load (node:internal/modules/cjs/loader:822:12)
2022-11-03 10:58:47 error: uncaughtException: Invalid scheme, expected connection string to start with "mongodb://" or "mongodb+srv://"
MongoParseError: Invalid scheme, expected connection string to start with "mongodb://" or "mongodb+srv://"
    at new ConnectionString (/Users/fengyuwangbv/Desktop/studyAppWeb/backend/node_modules/mongodb-connection-string-url/src/index.ts:133:13)
    at parseOptions (/Users/fengyuwangbv/Desktop/studyAppWeb/backend/node_modules/mongodb/src/connection_string.ts:257:15)
    at new MongoClient (/Users/fengyuwangbv/Desktop/studyAppWeb/backend/node_modules/mongodb/src/mongo_client.ts:349:34)
    at Object.<anonymous> (/Users/fengyuwangbv/Desktop/studyAppWeb/backend/src/database/connect.ts:9:37)
    at Module._compile (node:internal/modules/cjs/loader:1101:14)
    at Module.m._compile (/usr/local/lib/node_modules/ts-node/src/index.ts:1618:23)
    at Module._extensions..js (node:internal/modules/cjs/loader:1153:10)
    at Object.require.extensions.<computed> [as .ts] (/usr/local/lib/node_modules/ts-node/src/index.ts:1621:12)
    at Module.load (node:internal/modules/cjs/loader:981:32)
    at Function.Module._load (node:internal/modules/cjs/loader:822:12)
2022-11-03 10:58:48 error: uncaughtException: Invalid scheme, expected connection string to start with "mongodb://" or "mongodb+srv://"
MongoParseError: Invalid scheme, expected connection string to start with "mongodb://" or "mongodb+srv://"
    at new ConnectionString (/Users/fengyuwangbv/Desktop/studyAppWeb/backend/node_modules/mongodb-connection-string-url/src/index.ts:133:13)
    at parseOptions (/Users/fengyuwangbv/Desktop/studyAppWeb/backend/node_modules/mongodb/src/connection_string.ts:257:15)
    at new MongoClient (/Users/fengyuwangbv/Desktop/studyAppWeb/backend/node_modules/mongodb/src/mongo_client.ts:349:34)
    at Object.<anonymous> (/Users/fengyuwangbv/Desktop/studyAppWeb/backend/src/database/connect.ts:9:37)
    at Module._compile (node:internal/modules/cjs/loader:1101:14)
    at Module.m._compile (/usr/local/lib/node_modules/ts-node/src/index.ts:1618:23)
    at Module._extensions..js (node:internal/modules/cjs/loader:1153:10)
    at Object.require.extensions.<computed> [as .ts] (/usr/local/lib/node_modules/ts-node/src/index.ts:1621:12)
    at Module.load (node:internal/modules/cjs/loader:981:32)
    at Function.Module._load (node:internal/modules/cjs/loader:822:12)
2022-11-03 10:58:54 error: uncaughtException: Invalid scheme, expected connection string to start with "mongodb://" or "mongodb+srv://"
MongoParseError: Invalid scheme, expected connection string to start with "mongodb://" or "mongodb+srv://"
    at new ConnectionString (/Users/fengyuwangbv/Desktop/studyAppWeb/backend/node_modules/mongodb-connection-string-url/src/index.ts:133:13)
    at parseOptions (/Users/fengyuwangbv/Desktop/studyAppWeb/backend/node_modules/mongodb/src/connection_string.ts:257:15)
    at new MongoClient (/Users/fengyuwangbv/Desktop/studyAppWeb/backend/node_modules/mongodb/src/mongo_client.ts:349:34)
    at Object.<anonymous> (/Users/fengyuwangbv/Desktop/studyAppWeb/backend/src/database/connect.ts:9:37)
    at Module._compile (node:internal/modules/cjs/loader:1101:14)
    at Module.m._compile (/usr/local/lib/node_modules/ts-node/src/index.ts:1618:23)
    at Module._extensions..js (node:internal/modules/cjs/loader:1153:10)
    at Object.require.extensions.<computed> [as .ts] (/usr/local/lib/node_modules/ts-node/src/index.ts:1621:12)
    at Module.load (node:internal/modules/cjs/loader:981:32)
    at Function.Module._load (node:internal/modules/cjs/loader:822:12)
2022-11-03 10:58:56 error: uncaughtException: Invalid scheme, expected connection string to start with "mongodb://" or "mongodb+srv://"
MongoParseError: Invalid scheme, expected connection string to start with "mongodb://" or "mongodb+srv://"
    at new ConnectionString (/Users/fengyuwangbv/Desktop/studyAppWeb/backend/node_modules/mongodb-connection-string-url/src/index.ts:133:13)
    at parseOptions (/Users/fengyuwangbv/Desktop/studyAppWeb/backend/node_modules/mongodb/src/connection_string.ts:257:15)
    at new MongoClient (/Users/fengyuwangbv/Desktop/studyAppWeb/backend/node_modules/mongodb/src/mongo_client.ts:349:34)
    at Object.<anonymous> (/Users/fengyuwangbv/Desktop/studyAppWeb/backend/src/database/connect.ts:9:37)
    at Module._compile (node:internal/modules/cjs/loader:1101:14)
    at Module.m._compile (/usr/local/lib/node_modules/ts-node/src/index.ts:1618:23)
    at Module._extensions..js (node:internal/modules/cjs/loader:1153:10)
    at Object.require.extensions.<computed> [as .ts] (/usr/local/lib/node_modules/ts-node/src/index.ts:1621:12)
    at Module.load (node:internal/modules/cjs/loader:981:32)
    at Function.Module._load (node:internal/modules/cjs/loader:822:12)
2022-11-03 11:01:29 error: uncaughtException: Invalid scheme, expected connection string to start with "mongodb://" or "mongodb+srv://"
MongoParseError: Invalid scheme, expected connection string to start with "mongodb://" or "mongodb+srv://"
    at new ConnectionString (/Users/fengyuwangbv/Desktop/studyAppWeb/backend/node_modules/mongodb-connection-string-url/src/index.ts:133:13)
    at parseOptions (/Users/fengyuwangbv/Desktop/studyAppWeb/backend/node_modules/mongodb/src/connection_string.ts:257:15)
    at new MongoClient (/Users/fengyuwangbv/Desktop/studyAppWeb/backend/node_modules/mongodb/src/mongo_client.ts:349:34)
    at Object.<anonymous> (/Users/fengyuwangbv/Desktop/studyAppWeb/backend/src/database/connect.ts:9:37)
    at Module._compile (node:internal/modules/cjs/loader:1101:14)
    at Module.m._compile (/usr/local/lib/node_modules/ts-node/src/index.ts:1618:23)
    at Module._extensions..js (node:internal/modules/cjs/loader:1153:10)
    at Object.require.extensions.<computed> [as .ts] (/usr/local/lib/node_modules/ts-node/src/index.ts:1621:12)
    at Module.load (node:internal/modules/cjs/loader:981:32)
    at Function.Module._load (node:internal/modules/cjs/loader:822:12)
